[debug] [2021-04-30T08:10:49.913Z] ----------------------------------------------------------------------
[debug] [2021-04-30T08:10:49.915Z] Command:       C:\Program Files\nodejs\node.exe C:\Users\hp\AppData\Roaming\npm\node_modules\firebase-tools\lib\bin\firebase.js init
[debug] [2021-04-30T08:10:49.915Z] CLI Version:   9.10.0
[debug] [2021-04-30T08:10:49.915Z] Platform:      win32
[debug] [2021-04-30T08:10:49.915Z] Node Version:  v16.0.0
[debug] [2021-04-30T08:10:49.916Z] Time:          Fri Apr 30 2021 13:40:49 GMT+0530 (India Standard Time)
[debug] [2021-04-30T08:10:49.916Z] ----------------------------------------------------------------------
[debug] 
[debug] [2021-04-30T08:10:49.922Z] > command requires scopes: ["email","openid","https://www.googleapis.com/auth/cloudplatformprojects.readonly","https://www.googleapis.com/auth/firebase","https://www.googleapis.com/auth/cloud-platform"]
[debug] [2021-04-30T08:10:49.922Z] > authorizing via signed-in user (kumarujjwal50387@gmail.com)
[info] 
     ######## #### ########  ######## ########     ###     ######  ########
     ##        ##  ##     ## ##       ##     ##  ##   ##  ##       ##
     ######    ##  ########  ######   ########  #########  ######  ######
     ##        ##  ##    ##  ##       ##     ## ##     ##       ## ##
     ##       #### ##     ## ######## ########  ##     ##  ######  ########

You're about to initialize a Firebase project in this directory:

  C:\Users\hp\Desktop\shoping - Copy\shopping

[info] 
=== Project Setup
[info] 
[info] First, let's associate this project directory with a Firebase project.
[info] You can create multiple project aliases by running firebase use --add, 
[info] but for now we'll just set up a default project.
[info] 
[debug] [2021-04-30T08:11:11.350Z] >>> [apiv2][query] GET https://firebase.googleapis.com/v1beta1/projects pageSize=100
[debug] [2021-04-30T08:11:12.108Z] <<< [apiv2][status] GET https://firebase.googleapis.com/v1beta1/projects 200
[debug] [2021-04-30T08:11:12.108Z] <<< [apiv2][body] GET https://firebase.googleapis.com/v1beta1/projects [omitted]
[info] i  Using project e-commerce-f73e1 (E-commerce) 
[info] 
=== Hosting Setup
[info] 
[info] Your public directory is the folder (relative to your project directory) that
[info] will contain Hosting assets to be uploaded with firebase deploy. If you
[info] have a build process for your assets, use your build's output directory.
[info] 
